<?xml version="1.0" encoding="UTF-8"?>
<testng-results ignored="0" total="1" passed="1" failed="0" skipped="0">
  <reporter-output>
  </reporter-output>
  <suite started-at="2023-06-27T18:57:54 IST" name="Default suite" finished-at="2023-06-27T18:57:58 IST" duration-ms="4258">
    <groups>
    </groups>
    <test started-at="2023-06-27T18:57:54 IST" name="Default test" finished-at="2023-06-27T18:57:58 IST" duration-ms="4258">
      <class name="reqres.CRUDOpertions.CreateUsertest">
        <test-method signature="CreateUserTest()[pri:0, instance:reqres.CRUDOpertions.CreateUsertest@2fb3536e]" started-at="2023-06-27T18:57:54 IST" name="CreateUserTest" finished-at="2023-06-27T18:57:58 IST" duration-ms="4183" status="PASS">
          <reporter-output>
          </reporter-output>
        </test-method> <!-- CreateUserTest -->
      </class> <!-- reqres.CRUDOpertions.CreateUsertest -->
    </test> <!-- Default test -->
  </suite> <!-- Default suite -->
</testng-results>
